<?xml version="1.0" encoding="UTF-8"?>
<!-- Generated by org.testng.reporters.JUnitReportReporter -->
<testsuite skipped="0" hostname="a5-PC" name="com.test.LoginTest" tests="2" failures="0" timestamp="27 May 2019 07:05:57 GMT" time="12.632" errors="0">
  <testcase name="search" time="4.450" classname="com.test.LoginTest"/>
  <testcase name="m1" time="8.182" classname="com.test.LoginTest"/>
</testsuite> <!-- com.test.LoginTest -->
