<?xml version="1.0" encoding="UTF-8"?>
<!-- Generated by org.testng.reporters.JUnitReportReporter -->
<testsuite skipped="0" hostname="a5-PC" name="com.test.LoginTes" tests="2" failures="0" timestamp="27 May 2019 07:01:39 GMT" time="11.195" errors="0">
  <testcase name="search" time="4.500" classname="com.test.LoginTes"/>
  <testcase name="m1" time="6.695" classname="com.test.LoginTes"/>
</testsuite> <!-- com.test.LoginTes -->
